<?xml version="1.0" encoding="UTF-8" standalone="no"?><testsuites><testsuite errors="0" failures="0" hostname="bd1044ed_samsung_GT-I9505" name="no.ntnu.master.application.test" tests="1" time="0,9510" timestamp="Wed Mar 19 15:40:47 CET 2014"><properties><property name="java.runtime.name" value="Java(TM) SE Runtime Environment"/><property name="sun.boot.library.path" value="C:\Program Files (x86)\Java\jdk1.7.0_02\jre\bin"/><property name="java.vm.version" value="22.0-b10"/><property name="java.vm.vendor" value="Oracle Corporation"/><property name="java.vendor.url" value="http://java.oracle.com/"/><property name="guice.disable.misplaced.annotation.check" value="true"/><property name="path.separator" value=";"/><property name="java.vm.name" value="Java HotSpot(TM) Client VM"/><property name="file.encoding.pkg" value="sun.io"/><property name="user.country" value="NO"/><property name="user.script" value=""/><property name="sun.java.launcher" value="SUN_STANDARD"/><property name="sun.os.patch.level" value="Service Pack 1"/><property name="java.vm.specification.name" value="Java Virtual Machine Specification"/><property name="user.dir" value="C:\Users\Kristin\Documents\NetBeansProjects\application"/><property name="java.runtime.version" value="1.7.0_02-b13"/><property name="java.awt.graphicsenv" value="sun.awt.Win32GraphicsEnvironment"/><property name="java.endorsed.dirs" value="C:\Program Files (x86)\Java\jdk1.7.0_02\jre\lib\endorsed"/><property name="os.arch" value="x86"/><property name="java.io.tmpdir" value="C:\Users\Kristin\AppData\Local\Temp\"/><property name="line.separator" value="&#13;&#10;"/><property name="java.vm.specification.vendor" value="Oracle Corporation"/><property name="user.variant" value=""/><property name="os.name" value="Windows 7"/><property name="classworlds.conf" value="C:\Program Files\NetBeans 7.2\java\maven\bin\m2.conf"/><property name="sun.jnu.encoding" value="Cp1252"/><property name="java.library.path" value="C:\Program Files (x86)\Java\jdk1.7.0_02\bin;C:\Windows\Sun\Java\bin;C:\Windows\system32;C:\Windows;D:\app\Kristin\product\11.2.0\client_2\bin;D:\app\Kristin\product\11.2.0\client_1\bin;C:\Program Files\Common Files\Microsoft Shared\Windows Live;C:\Program Files (x86)\Common Files\Microsoft Shared\Windows Live;C:\Windows\system32;C:\Windows;C:\Windows\System32\Wbem;C:\Windows\System32\WindowsPowerShell\v1.0\;C:\Program Files (x86)\Windows Live\Shared;C:\Program Files\Trend Micro\AMSP;C:\Program Files (x86)\QuickTime\QTSystem\;C:\Program Files\Microsoft\Web Platform Installer\;C:\Program Files (x86)\Microsoft ASP.NET\ASP.NET Web Pages\v1.0\;C:\Program Files\Microsoft SQL Server\110\Tools\Binn\;C:\Program Files\Apache Software Foundation\apache-maven-3.0.4\bin;C:\Program Files\Java\jdk1.6.0_31\bin;C:\Program Files (x86)\MiKTeX 2.9\miktex\bin\;C:\Program Files (x86)\GtkSharp\2.12\bin;."/><property name="java.specification.name" value="Java Platform API Specification"/><property name="java.class.version" value="51.0"/><property name="sun.management.compiler" value="HotSpot Client Compiler"/><property name="os.version" value="6.1"/><property name="user.home" value="C:\Users\Kristin"/><property name="user.timezone" value="Europe/Berlin"/><property name="java.awt.printerjob" value="sun.awt.windows.WPrinterJob"/><property name="file.encoding" value="Cp1252"/><property name="java.specification.version" value="1.7"/><property name="java.class.path" value="C:\Program Files\NetBeans 7.2\java\maven\boot\plexus-classworlds-2.4.jar"/><property name="user.name" value="Kristin"/><property name="java.vm.specification.version" value="1.7"/><property name="sun.java.command" value="org.codehaus.plexus.classworlds.launcher.Launcher clean install"/><property name="java.home" value="C:\Program Files (x86)\Java\jdk1.7.0_02\jre"/><property name="sun.arch.data.model" value="32"/><property name="user.language" value="no"/><property name="java.specification.vendor" value="Oracle Corporation"/><property name="awt.toolkit" value="sun.awt.windows.WToolkit"/><property name="java.vm.info" value="mixed mode, sharing"/><property name="java.version" value="1.7.0_02"/><property name="java.ext.dirs" value="C:\Program Files (x86)\Java\jdk1.7.0_02\jre\lib\ext;C:\Windows\Sun\Java\lib\ext"/><property name="sun.boot.class.path" value="C:\Program Files (x86)\Java\jdk1.7.0_02\jre\lib\resources.jar;C:\Program Files (x86)\Java\jdk1.7.0_02\jre\lib\rt.jar;C:\Program Files (x86)\Java\jdk1.7.0_02\jre\lib\sunrsasign.jar;C:\Program Files (x86)\Java\jdk1.7.0_02\jre\lib\jsse.jar;C:\Program Files (x86)\Java\jdk1.7.0_02\jre\lib\jce.jar;C:\Program Files (x86)\Java\jdk1.7.0_02\jre\lib\charsets.jar;C:\Program Files (x86)\Java\jdk1.7.0_02\jre\classes"/><property name="java.vendor" value="Oracle Corporation"/><property name="maven.home" value="C:\Program Files\NetBeans 7.2\java\maven"/><property name="file.separator" value="\"/><property name="java.vendor.url.bug" value="http://bugreport.sun.com/bugreport/"/><property name="sun.io.unicode.encoding" value="UnicodeLittle"/><property name="sun.cpu.endian" value="little"/><property name="sun.desktop" value="windows"/><property name="sun.cpu.isalist" value="pentium_pro+mmx pentium_pro pentium+mmx pentium i486 i386 i86"/><property name="ro.product.manufacturer" value="samsung"/><property name="ril.rildSerial" value="yoljjorg0ncysornz"/><property name="net.tcp.buffersize.hsupa" value="4092,87380,704512,4096,16384,262144"/><property name="init.svc.BCS-daemon" value="running"/><property name="ro.lcd_min_brightness" value="10"/><property name="media.stagefright.enable-scan" value="true"/><property name="debug.mdpcomp.logs" value="0"/><property name="gsm.operator.iso-country" value="no"/><property name="ro.product.model" value="GT-I9505"/><property name="ril.initPB" value="1"/><property name="ro.boot.debug_level" value="0x4f4c"/><property name="media.stagefright.enable-http" value="true"/><property name="ril.official_cscver" value="I9505NEEFNB2"/><property name="init.svc.irsc_util" value="stopped"/><property name="ril.modem.board" value="MDM9215M"/><property name="ro.boot.serialno" value="bd1044ed"/><property name="net.hostname" value="android-c85b51bb5f1de6c5"/><property name="ril.isIccChanged" value="0"/><property name="dhcp.wlan0.roaming" value="0"/><property name="ro.hwui.text_large_cache_height" value="1024"/><property name="sys.usb.config" value="mtp,adb"/><property name="ro.qc.sdk.gestures.camera" value="false"/><property name="service.media.powersnd" value="1"/><property name="ril.ecclist0" value="112/1,911/31,112,911"/><property name="init.svc.DR-daemon" value="running"/><property name="ro.csb_val" value="1"/><property name="ril.sales_code" value="NEE"/><property name="persist.rild.nitz_short_ons_3" value=""/><property name="gsm.operator.isroaming" value="false"/><property name="persist.rild.nitz_short_ons_0" value=""/><property name="init.svc.edmaudit" value="running"/><property name="persist.rild.nitz_short_ons_1" value=""/><property name="persist.rild.nitz_short_ons_2" value=""/><property name="init.svc.modem-sh" value="stopped"/><property name="dhcp.wlan0.dns3" value=""/><property name="dhcp.wlan0.dns2" value="129.241.0.201"/><property name="dhcp.wlan0.dns1" value="129.241.0.200"/><property name="dhcp.wlan0.dns4" value=""/><property name="ro.allow.mock.location" value="0"/><property name="ro.bt.bdaddr_path" value="/efs/bluetooth/bt_addr"/><property name="init.svc.SIDESYNC_service" value="running"/><property name="persist.radio.apm_sim_not_pwdn" value="1"/><property name="ro.csc.countryiso_code" value="SE"/><property name="ril.sw_ver" value="I9505XXUFNB9"/><property name="ro.secwvk" value="144"/><property name="persist.radio.icc.cb.list" value=""/><property name="ro.csc.country_code" value="Nordic"/><property name="gsm.version.baseband" value="I9505XXUFNB9"/><property name="ro.crypto.fuse_sdcard" value="true"/><property name="ro.error.receiver.default" value="com.samsung.receiver.error"/><property name="persist.audio.hphonesysvolume" value="4"/><property name="sys.sysctl.extra_free_kbytes" value="24300"/><property name="ro.config.timaversion" value="2.0"/><property name="dalvik.vm.heaptargetutilization" value="0.75"/><property name="dev.knoxapp.running" value="false"/><property name="ro.product.device" value="jflte"/><property name="ro.build.changelist" value="481100"/><property name="secmm.player.disabledivx" value="False"/><property name="mpq.audio.decode" value="true"/><property name="persist.radio.lteon" value="true"/><property name="gsm.sim.state" value="READY"/><property name="ro.bluetooth.sap" value="true"/><property name="init.svc.prepare-mobicore" value="stopped"/><property name="ril.ims.ltevoicesupport" value="2"/><property name="dev.ssrm.pst" value="400"/><property name="ro.qualcomm.bluetooth.map" value="true"/><property name="ril.rfcal_date" value="2013.05.20"/><property name="persist.timed.enable" value="true"/><property name="net.tcp.buffersize.hspap" value="4092,87380,704512,4096,16384,262144"/><property name="init.svc.immvibed" value="stopped"/><property name="rild.libpath" value="/system/lib/libsec-ril.so"/><property name="sys.boot_completed" value="1"/><property name="dev.ssrm.init" value="1"/><property name="ril.cs_svc" value="1"/><property name="ro.build.tags" value="release-keys"/><property name="sys.mobicoredaemon.enable" value="true"/><property name="ro.fuse_sdcard" value="true"/><property name="ro.build.scafe" value="americano"/><property name="dhcp.wlan0.pid" value="9260"/><property name="dalvik.vm.heapsize" value="512m"/><property name="dalvik.vm.stack-trace-file" value="/data/anr/traces.txt"/><property name="ril.modem.lte.powercontrol" value="on"/><property name="ro.serialno" value="bd1044ed"/><property name="dalvik.vm.heapmaxfree" value="8m"/><property name="init.svc.iprenew_wlan0" value="stopped"/><property name="ro.boot.boot_recovery" value="0"/><property name="ro.build.date" value="Fri Feb 14 12:15:30 KST 2014"/><property name="hw.cabl.version" value="1.1.20130401"/><property name="persist.sys.clssprld2" value="710"/><property name="wlan.driver.status" value="ok"/><property name="persist.sys.clssprld1" value="704"/><property name="ro.hdcp2.rx" value="tz"/><property name="persist.radio.fill_eons" value="1"/><property name="init.svc.servicemanager" value="running"/><property name="wlan.wfd.status" value="disconnected"/><property name="init.svc.auditd" value="running"/><property name="ro.build.user" value="dpi"/><property name="init.svc.TvoutService_C" value="running"/><property name="ro.boot.hardware" value="qcom"/><property name="init.svc.qseecomd" value="running"/><property name="ro.kernel.qemu" value="0"/><property name="ro.secure" value="1"/><property name="init.svc.run-mobicore" value="running"/><property name="ro.carrier" value="unknown"/><property name="init.svc.sensorhubservice" value="running"/><property name="gsm.operator.alpha" value="N Telenor"/><property name="net.dns2" value="129.241.0.201"/><property name="media.enable-commonsource" value="true"/><property name="net.dns1" value="129.241.0.200"/><property name="ro.qualcomm.bluetooth.nap" value="true"/><property name="persist.sys.usb.config" value="mtp,adb"/><property name="init.svc.qcom-sh" value="stopped"/><property name="ro.cp_debug_level" value="0x55FF"/><property name="persist.sys.flipfontpath" value="default"/><property name="ro.factorytest" value="0"/><property name="ro.build.fingerprint" value="samsung/jfltexx/jflte:4.4.2/KOT49H/I9505XXUFNB9:user/release-keys"/><property name="security.mdpp" value="Ready"/><property name="service.bootanim.exit" value="0"/><property name="init.svc.diag_uart_log" value="running"/><property name="ro.qc.sdk.sensors.gestures" value="false"/><property name="init.svc.mpdecision" value="running"/><property name="ro.bluetooth.remote.autoconnect" value="true"/><property name="net.bt.name" value="Android"/><property name="ril.timezoneID" value="Europe/Oslo"/><property name="ro.bootmode" value="unknown"/><property name="ro.hwui.shape_cache_size" value="2"/><property name="dhcp.wlan0.server" value="1.1.1.1"/><property name="ro.build.display.id" value="KOT49H.I9505XXUFNB9"/><property name="init.svc.fuse_extSdCard" value="stopped"/><property name="ro.revision" value="11"/><property name="ro.chipname" value="apq8064"/><property name="init.svc.sdcard" value="stopped"/><property name="ro.product.locale.region" value="GB"/><property name="wifi.interface" value="wlan0"/><property name="persist.sys.timezone" value="Europe/Oslo"/><property name="media.stagefright.enable-fma2dp" value="true"/><property name="dev.MDPLimitCondition" value="0"/><property name="gsm.operator.numeric" value="24201"/><property name="ril.servicestate" value="0"/><property name="ro.warranty_bit" value="0"/><property name="ril.approved_modemver" value="none"/><property name="ro.hwui.text_large_cache_width" value="2048"/><property name="net.tcp.buffersize.evdo" value="4094,87380,262144,4096,16384,262144"/><property name="init.svc.usf-post-boot" value="stopped"/><property name="ro.qualcomm.bluetooth.hfp" value="true"/><property name="ro.security.mdpp.release" value="2"/><property name="dalvik.vm.heapstartsize" value="8m"/><property name="init.svc.ppd" value="running"/><property name="ril.ICC_TYPE" value="2"/><property name="ro.hwui.texture_cache_size" value="48"/><property name="ro.qc.sdk.audio.ssr" value="false"/><property name="ro.bluetooth.hfp.ver" value="1.6"/><property name="persist.sys.localevar" value=""/><property name="sys.pwrcntl.decision.change" value="0"/><property name="gsm.nitz.time" value="1395231039116"/><property name="gsm.sim.operator.numeric" value="24201"/><property name="persist.audio.allsoundmute" value="0"/><property name="ril.serialnumber" value="RF1D55K4EFN"/><property name="ro.qc.sdk.izat.premium_enabled" value="1"/><property name="ro.qualcomm.bt.hci_transport" value="smd"/><property name="ro.config.notification_sound" value="S_Whistle.ogg"/><property name="ro.build.date.utc" value="1392347730"/><property name="ro.lcd_brightness" value="143"/><property name="mm.enable.qcom_parser" value="33395"/><property name="persist.audio.ringermode" value="1"/><property name="persist.radio.adb_log_on" value="1"/><property name="dhcp.wlan0.domain" value="wlan.ntnu.no"/><property name="persist.sys.camera.direction" value="0"/><property name="persist.audio.sysvolume" value="7"/><property name="init.svc.netd" value="running"/><property name="ril.product_code" value="GT-I9505ZWANEE"/><property name="persist.sys.camera.connect" value="0"/><property name="init.svc.imsdatadaemon" value="restarting"/><property name="ro.sec.fle.encryption" value="true"/><property name="sys.usb.state" value="mtp,adb"/><property name="ro.build.selinux" value="1"/><property name="ro.boot.warranty_bit" value="0"/><property name="ro.build.description" value="jfltexx-user 4.4.2 KOT49H I9505XXUFNB9 release-keys"/><property name="ro.qualcomm.bluetooth.pbap" value="true"/><property name="ril.subscription.types" value="NV,RUIM"/><property name="ro.emmc" value="true"/><property name="dalvik.vm.heapgrowthlimit" value="128m"/><property name="init.svc.surfaceflinger" value="running"/><property name="persist.sys.country" value="NO"/><property name="init.svc.drsd" value="running"/><property name="persist.sys.drs.enforce" value="0"/><property name="init.svc.flash_recovery" value="stopped"/><property name="ro.com.google.gmsversion" value="4.4.2_r1"/><property name="init.svc.scranton_RD" value="stopped"/><property name="gsm.current.phone-type" value="1"/><property name="ril.wbamrstatus" value="1"/><property name="init.svc.qcom-c_core-sh" value="stopped"/><property name="ril.radiostate" value="10"/><property name="persist.radio.prefer_spn" value="0"/><property name="dhcp.wlan0.mask" value="255.255.252.0"/><property name="ro.ril.svlte1x" value="false"/><property name="persist.sys.setupwizard" value="FINISH"/><property name="dhcp.wlan0.leasetime" value="3600"/><property name="init.svc.config_bluetooth" value="stopped"/><property name="gsm.STK_SETUP_MENU" value="djuice"/><property name="dhcp.wlan0.gateway" value="78.91.80.1"/><property name="ro.hwui.layer_cache_size" value="32"/><property name="ro.hdmi.enable" value="true"/><property name="init.svc.qcom-post-boot" value="stopped"/><property name="net.qtaguid_enabled" value="1"/><property name="gsm.network.type" value="LTE:14"/><property name="qcom.hw.aac.encoder" value="true"/><property name="init.svc.macloader" value="stopped"/><property name="qcom.audio.init" value="complete"/><property name="persist.cne.feature" value="0"/><property name="gsm.sim.operator.alpha" value="djuice"/><property name="sys.settings_secure_version" value="29"/><property name="persist.rild.nitz_plmn" value=""/><property name="ro.qc.sdk.audio.fluencetype" value="none"/><property name="persist.sys.screen.rotation.Off" value="-1"/><property name="persist.sys.profiler_ms" value="0"/><property name="init.svc.ueventd" value="running"/><property name="init.svc.mobex-daemon" value="running"/><property name="ro.hwui.text_small_cache_width" value="1024"/><property name="persist.sys.wfd.virtual" value="0"/><property name="init.svc.qcom-usb-sh" value="stopped"/><property name="ro.bootloader" value="I9505XXUFNB9"/><property name="security.mdpp.result" value="None"/><property name="init.svc.vold" value="running"/><property name="dev.kies.sommode" value="TRUE"/><property name="debug.mdpcomp.idletime" value="0"/><property name="sys.settings_global_version" value="6"/><property name="keyguard.no_require_sim" value="true"/><property name="persist.audio.fluence.mode" value="endfire"/><property name="persist.rmnet.mux" value="disabled"/><property name="ro.build.version.sdk" value="19"/><property name="init.svc.time_daemon" value="running"/><property name="debug.composition.type" value="c2d"/><property name="persist.audio.handset.mic" value="digital"/><property name="ro.build.scafe.size" value="short"/><property name="ril.ecclist" value="911,112,*911,#911"/><property name="debug.egl.hw" value="1"/><property name="persist.radio.use_se_table_only" value="1"/><property name="sys.settings_system_version" value="175"/><property name="persist.data.netmgrd.qos.enable" value="false"/><property name="net.rmnet_usb0.dns3" value=""/><property name="persist.audio.lowlatency.rec" value="false"/><property name="net.rmnet_usb0.dns4" value=""/><property name="net.rmnet_usb0.dns1" value=""/><property name="net.rmnet_usb0.dns2" value=""/><property name="persist.audio.headsetsysvolume" value="4"/><property name="DEVICE_PROVISIONED" value="1"/><property name="ro.nfc.port" value="I2C"/><property name="ro.boot.baseband" value="mdm"/><property name="ro.emmc_checksum" value="3"/><property name="net.tcp.buffersize.wifi" value="524288,1048576,2097152,262144,524288,1048576"/><property name="init.svc.rtccd" value="stopped"/><property name="installd.sdcard_manipulate_done" value="1"/><property name="ril.hw_ver" value="MP 0.900"/><property name="persist.fuse_sdcard" value="true"/><property name="ro.boot.nvdata_backup" value="0"/><property name="ro.product.brand" value="samsung"/><property name="dhcp.wlan0.result" value="ok"/><property name="ril.deviceOffRes" value="0"/><property name="selinux.reload_policy" value="1"/><property name="ro.build.selinux.enforce" value="1"/><property name="ro.debug_level" value="0x4f4c"/><property name="hw.cabl.yuv" value="0"/><property name="ro.ril.transmitpower" value="true"/><property name="ro.hwui.gradient_cache_size" value="1"/><property name="ro.boot.csb_val" value="1"/><property name="dev.bootcomplete" value="1"/><property name="ro.securestorage.support" value="true"/><property name="ro.warmboot.capability" value="1"/><property name="init.svc.prepare_param" value="stopped"/><property name="ro.hardware" value="qcom"/><property name="ro.boot.emmc_checksum" value="3"/><property name="ro.config.ehrpd" value="true"/><property name="init.svc.qcamerasvr" value="running"/><property name="ro.build.id" value="KOT49H"/><property name="persist.gps.qc_nlp_in_use" value="0"/><property name="init.svc.ssr_diag" value="restarting"/><property name="ril.CompleteMsg" value="01"/><property name="boot.sfbootcomplete" value="1"/><property name="ril.LoopbackCallFlag" value="false"/><property name="ro.config.media_sound" value="Media_preview_Touch_the_light.ogg"/><property name="net.change" value="net.dns2"/><property name="ro.product.name" value="jfltexx"/><property name="init.svc.icd" value="stopped"/><property name="init.svc.drm" value="running"/><property name="ro.build.version.codename" value="REL"/><property name="rild.libargs" value="-d /dev/smd0"/><property name="ro.product.cpu.abi" value="armeabi-v7a"/><property name="ro.sf.lcd_density" value="480"/><property name="dhcp.wlan0.vendorInfo" value=""/><property name="init.svc.bootanim" value="stopped"/><property name="ro.com.google.clientidbase" value="android-samsung"/><property name="net.tcp.buffersize.edge" value="4093,26280,35040,4096,16384,35040"/><property name="init.svc.container" value="stopped"/><property name="ril.approved_codever" value="none"/><property name="persist.radio.initphone-type" value="1"/><property name="ro.hwui.text_cache_width" value="2048"/><property name="boot.fps" value="25"/><property name="debug.enable.wl_log" value="1"/><property name="vold.post_fs_data_done" value="1"/><property name="ro.config.tima" value="1"/><property name="ro.product.cpu.abi2" value="armeabi"/><property name="dev.ssrm.mode" value=""/><property name="persist.audio.vr.enable" value="false"/><property name="media.stagefright.enable-qcp" value="true"/><property name="init.svc.zygote" value="running"/><property name="ro.product_ship" value="true"/><property name="gsm.sim.operator.iso-country" value="no"/><property name="ro.config.ringtone" value="S_Over_the_horizon.ogg"/><property name="init.svc.secure_storage" value="running"/><property name="init.svc.cnd" value="running"/><property name="ro.build.type" value="user"/><property name="persist.debug.wfd.enable" value="1"/><property name="ro.build.version.incremental" value="I9505XXUFNB9"/><property name="sys.ims.QMI_DAEMON_STATUS" value="1"/><property name="init.svc.adbd" value="running"/><property name="ro.qualcomm.bluetooth.hsp" value="true"/><property name="sys.qseecomd.enable" value="true"/><property name="dev.kiessupport" value="TRUE"/><property name="persist.sys.videomode" value="0"/><property name="init.svc.rmt_storage" value="stopped"/><property name="init.svc.ril-daemon" value="running"/><property name="persist.sys.storage_preload" value="2"/><property name="ro.qualcomm.bluetooth.ftp" value="true"/><property name="sys.shutdown.fastboot" value="false"/><property name="ro.build.PDA" value="I9505XXUFNB9"/><property name="ro.debuggable" value="0"/><property name="lpa.decode" value="false"/><property name="init.svc.debuggerd" value="running"/><property name="persist.radio.eons.enabled" value="false"/><property name="media.stagefright.enable-aac" value="true"/><property name="ro.security.mdpp.ux" value="Enabled"/><property name="init.svc.qrngd" value="running"/><property name="persist.sys.language" value="nb"/><property name="ro.boot.emmc" value="true"/><property name="ro.build.product" value="jflte"/><property name="ro.boot.cp_debug_level" value="0x55FF"/><property name="ro.setupwizard.mode" value="OPTIONAL"/><property name="init.svc.p2p_supplicant" value="running"/><property name="af.resampler.quality" value="255"/><property name="telephony.lteOnCdmaDevice" value="0"/><property name="storage.mmc.size" value="15758000128"/><property name="ril.atd_status" value="1_1_0"/><property name="ro.baseband" value="mdm"/><property name="init.svc.thermal-engine" value="running"/><property name="debug.sf.hw" value="1"/><property name="ro.build.host" value="SWDD3004"/><property name="ro.runtime.firstboot" value="1394984773583"/><property name="sys.factory.mediaScanningCount" value="5"/><property name="persist.gps.qmienabled" value="true"/><property name="service.camera.running" value="0"/><property name="init.svc.healthd" value="running"/><property name="ro.qualcomm.bluetooth.opp" value="true"/><property name="init.svc.kickstart" value="running"/><property name="persist.hwc.mdpcomp.enable" value="true"/><property name="ro.hwui.text_small_cache_height" value="512"/><property name="dhcp.wlan0.mtu" value=""/><property name="ro.crypto.state" value="unencrypted"/><property name="persist.sys.dalvik.vm.lib" value="libdvm.so"/><property name="ro.boot.bootloader" value="I9505XXUFNB9"/><property name="mmp.enable.3g2" value="true"/><property name="persist.radio.add_power_save" value="1"/><property name="persist.radio.icc.cb.count" value="0"/><property name="net.tcp.buffersize.hsdpa" value="4092,87380,704512,4096,16384,110208"/><property name="dalvik.vm.heapminfree" value="2m"/><property name="init.svc.at_distributor" value="running"/><property name="init.svc.freshsebool" value="stopped"/><property name="ro.board.platform" value="msm8960"/><property name="ro.qc.sdk.izat.service_mask" value="0x5"/><property name="init.svc.atfwd" value="stopped"/><property name="ro.product.locale.language" value="en"/><property name="ril.approved_cscver" value="none"/><property name="ro.use_data_netmgrd" value="true"/><property name="ro.ril.svdo" value="false"/><property name="ro.qualcomm.cabl" value="0"/><property name="ro.qc.sdk.camera.facialproc" value="true"/><property name="persist.sys.camera.transform" value="0"/><property name="gsm.defaultpdpcontext.active" value="true"/><property name="init.svc.keystore" value="running"/><property name="ro.security.mdpp.ver" value="1.0"/><property name="ro.hwui.path_cache_size" value="8"/><property name="tunnel.audiovideo.decode" value="false"/><property name="ro.hwui.drop_shadow_cache_size" value="4"/><property name="ro.vendor.extension_library" value="/vendor/lib/libqc-opt.so"/><property name="persist.rild.nitz_long_ons_0" value=""/><property name="persist.rild.nitz_long_ons_2" value=""/><property name="persist.rild.nitz_long_ons_1" value=""/><property name="ro.build.characteristics" value="default"/><property name="persist.rild.nitz_long_ons_3" value=""/><property name="init.svc.qmuxd" value="running"/><property name="ro.build.hidden_ver" value="I9505XXUFNB9"/><property name="net.tcp.buffersize.lte" value="524288,1048576,2560000,262144,524288,1220608"/><property name="ril.RildInit" value="1"/><property name="ro.com.android.dateformat" value="MM-dd-yyyy"/><property name="net.tcp.buffersize.umts" value="4094,87380,704512,4096,16384,110208"/><property name="net.tcp.buffersize.default" value="4096,87380,110208,4096,16384,110208"/><property name="ro.bluetooth.request.master" value="true"/><property name="init.svc.containersetup" value="stopped"/><property name="ro.adb.secure" value="1"/><property name="tunnel.decode" value="true"/><property name="ro.config.knox" value="1"/><property name="ro.config.alarm_alert" value="Walk_in_the_forest.ogg"/><property name="gsm.version.ril-impl" value="Samsung RIL v3.0"/><property name="sys.knox.zygote.containerapps" value="true"/><property name="ro.product.board" value="MSM8960"/><property name="init.svc.media" value="running"/><property name="ro.gps.agps_provider" value="1"/><property name="debug.force_rtl" value="0"/><property name="dhcp.wlan0.ipaddress" value="78.91.82.104"/><property name="init.svc.dhcpcd_wlan0" value="running"/><property name="net.tcp.buffersize.gprs" value="4092,8760,11680,4096,8760,11680"/><property name="debug.sf.layerdump" value="0"/><property name="ro.nvdata_backup" value="0"/><property name="ro.boot_recovery" value="0"/><property name="ro.build.version.release" value="4.4.2"/><property name="init.svc.imsqmidaemon" value="running"/><property name="net.tcp.buffersize.hspa" value="4092,87380,704512,4096,16384,262144"/><property name="media.aac_51_output_enabled" value="true"/><property name="ro.telephony.call_ring.multiple" value="false"/><property name="lpa.use-stagefright" value="true"/><property name="init.svc.wcnss-service" value="stopped"/><property name="ro.opengles.version" value="196608"/><property name="media.stagefright.enable-player" value="true"/><property name="init.svc.powersnd" value="stopped"/><property name="ro.csc.sales_code" value="NEE"/><property name="dhcp.wlan0.reason" value="RENEW"/><property name="ro.streaming.video.drs" value="true"/><property name="init.svc.installd" value="running"/><property name="ro.build.scafe.shot" value="single"/><property name="hw.cabl.level" value="Auto"/><property name="ro.wifi.channels" value=""/></properties><testcase classname="no.ntnu.master.application.test.HelloAndroidActivityTest" name="testActivity" time="0,9500"/></testsuite></testsuites>